Started GET "/" for 127.0.0.1 at 2017-09-05 20:27:24 -0300
Processing by Rails::WelcomeController#index as HTML
  Rendering /home/iagogodoy/.rbenv/versions/2.4.1/lib/ruby/gems/2.4.0/gems/railties-5.1.3/lib/rails/templates/rails/welcome/index.html.erb
  Rendered /home/iagogodoy/.rbenv/versions/2.4.1/lib/ruby/gems/2.4.0/gems/railties-5.1.3/lib/rails/templates/rails/welcome/index.html.erb (11.1ms)
Completed 200 OK in 282ms (Views: 24.7ms)


Started GET "/" for 127.0.0.1 at 2017-09-05 20:39:44 -0300
  
ActiveRecord::PendingMigrationError (

Migrations are pending. To resolve this issue, run:

        bin/rails db:migrate RAILS_ENV=development

):
  
activerecord (5.1.3) lib/active_record/migration.rb:576:in `check_pending!'
activerecord (5.1.3) lib/active_record/migration.rb:553:in `call'
actionpack (5.1.3) lib/action_dispatch/middleware/callbacks.rb:26:in `block in call'
activesupport (5.1.3) lib/active_support/callbacks.rb:97:in `run_callbacks'
actionpack (5.1.3) lib/action_dispatch/middleware/callbacks.rb:24:in `call'
actionpack (5.1.3) lib/action_dispatch/middleware/executor.rb:12:in `call'
actionpack (5.1.3) lib/action_dispatch/middleware/debug_exceptions.rb:59:in `call'
web-console (3.5.1) lib/web_console/middleware.rb:135:in `call_app'
web-console (3.5.1) lib/web_console/middleware.rb:28:in `block in call'
web-console (3.5.1) lib/web_console/middleware.rb:18:in `catch'
web-console (3.5.1) lib/web_console/middleware.rb:18:in `call'
actionpack (5.1.3) lib/action_dispatch/middleware/show_exceptions.rb:31:in `call'
railties (5.1.3) lib/rails/rack/logger.rb:36:in `call_app'
railties (5.1.3) lib/rails/rack/logger.rb:24:in `block in call'
activesupport (5.1.3) lib/active_support/tagged_logging.rb:69:in `block in tagged'
activesupport (5.1.3) lib/active_support/tagged_logging.rb:26:in `tagged'
activesupport (5.1.3) lib/active_support/tagged_logging.rb:69:in `tagged'
railties (5.1.3) lib/rails/rack/logger.rb:24:in `call'
sprockets-rails (3.2.1) lib/sprockets/rails/quiet_assets.rb:13:in `call'
actionpack (5.1.3) lib/action_dispatch/middleware/remote_ip.rb:79:in `call'
actionpack (5.1.3) lib/action_dispatch/middleware/request_id.rb:25:in `call'
rack (2.0.3) lib/rack/method_override.rb:22:in `call'
rack (2.0.3) lib/rack/runtime.rb:22:in `call'
activesupport (5.1.3) lib/active_support/cache/strategy/local_cache_middleware.rb:27:in `call'
actionpack (5.1.3) lib/action_dispatch/middleware/executor.rb:12:in `call'
actionpack (5.1.3) lib/action_dispatch/middleware/static.rb:125:in `call'
rack (2.0.3) lib/rack/sendfile.rb:111:in `call'
railties (5.1.3) lib/rails/engine.rb:522:in `call'
puma (3.10.0) lib/puma/configuration.rb:225:in `call'
puma (3.10.0) lib/puma/server.rb:605:in `handle_request'
puma (3.10.0) lib/puma/server.rb:437:in `process_client'
puma (3.10.0) lib/puma/server.rb:301:in `block in run'
puma (3.10.0) lib/puma/thread_pool.rb:120:in `block in spawn_thread'
  [1m[35m (0.1ms)[0m  [1m[34mSELECT sqlite_version(*)[0m
  [1m[35m (162.1ms)[0m  [1m[35mCREATE TABLE "schema_migrations" ("version" varchar NOT NULL PRIMARY KEY)[0m
  [1m[35m (115.0ms)[0m  [1m[35mCREATE TABLE "ar_internal_metadata" ("key" varchar NOT NULL PRIMARY KEY, "value" varchar, "created_at" datetime NOT NULL, "updated_at" datetime NOT NULL)[0m
  [1m[35m (0.1ms)[0m  [1m[34mSELECT "schema_migrations"."version" FROM "schema_migrations" ORDER BY "schema_migrations"."version" ASC[0m
Migrating to CreateAmigos (20170905233844)
  [1m[35m (0.0ms)[0m  [1m[36mbegin transaction[0m
  [1m[35m (1.0ms)[0m  [1m[35mCREATE TABLE "amigos" ("id" INTEGER PRIMARY KEY AUTOINCREMENT NOT NULL, "usuarioId" varchar, "amigoId" varchar, "created_at" datetime NOT NULL, "updated_at" datetime NOT NULL)[0m
  [1m[35mSQL (0.1ms)[0m  [1m[32mINSERT INTO "schema_migrations" ("version") VALUES (?)[0m  [["version", "20170905233844"]]
  [1m[35m (99.3ms)[0m  [1m[36mcommit transaction[0m
  [1m[36mActiveRecord::InternalMetadata Load (0.1ms)[0m  [1m[34mSELECT  "ar_internal_metadata".* FROM "ar_internal_metadata" WHERE "ar_internal_metadata"."key" = ? LIMIT ?[0m  [["key", "environment"], ["LIMIT", 1]]
  [1m[35m (0.0ms)[0m  [1m[36mbegin transaction[0m
  [1m[35mSQL (0.2ms)[0m  [1m[32mINSERT INTO "ar_internal_metadata" ("key", "value", "created_at", "updated_at") VALUES (?, ?, ?, ?)[0m  [["key", "environment"], ["value", "development"], ["created_at", "2017-09-05 23:39:56.078384"], ["updated_at", "2017-09-05 23:39:56.078384"]]
  [1m[35m (40.0ms)[0m  [1m[36mcommit transaction[0m
  [1m[35m (0.1ms)[0m  [1m[34mSELECT "schema_migrations"."version" FROM "schema_migrations" ORDER BY "schema_migrations"."version" ASC[0m
Started GET "/" for 127.0.0.1 at 2017-09-05 20:41:20 -0300
  [1m[35m (0.1ms)[0m  [1m[34mSELECT "schema_migrations"."version" FROM "schema_migrations" ORDER BY "schema_migrations"."version" ASC[0m
Processing by Rails::WelcomeController#index as HTML
  Rendering /home/iagogodoy/.rbenv/versions/2.4.1/lib/ruby/gems/2.4.0/gems/railties-5.1.3/lib/rails/templates/rails/welcome/index.html.erb
  Rendered /home/iagogodoy/.rbenv/versions/2.4.1/lib/ruby/gems/2.4.0/gems/railties-5.1.3/lib/rails/templates/rails/welcome/index.html.erb (2.0ms)
Completed 200 OK in 11ms (Views: 5.2ms | ActiveRecord: 0.0ms)


Started GET "/amigos" for 127.0.0.1 at 2017-09-05 20:41:25 -0300
Processing by AmigosController#index as HTML
  Rendering amigos/index.html.erb within layouts/application
  [1m[36mAmigo Load (0.1ms)[0m  [1m[34mSELECT "amigos".* FROM "amigos"[0m
  Rendered amigos/index.html.erb within layouts/application (2.0ms)
Completed 200 OK in 1538ms (Views: 1534.2ms | ActiveRecord: 0.5ms)


Started GET "/amigos/new" for 127.0.0.1 at 2017-09-05 20:41:30 -0300
Processing by AmigosController#new as HTML
  Rendering amigos/new.html.erb within layouts/application
  Rendered amigos/_form.html.erb (78.5ms)
  Rendered amigos/new.html.erb within layouts/application (79.5ms)
Completed 200 OK in 92ms (Views: 87.4ms | ActiveRecord: 0.4ms)


Started POST "/amigos" for 127.0.0.1 at 2017-09-05 20:41:39 -0300
Processing by AmigosController#create as HTML
  Parameters: {"utf8"=>"✓", "authenticity_token"=>"zpPkcR/thceJZ6FA4yXYHJwKFNk5o76aweozQvIQtbYfOSUD+Eohxc1dZLfbhNsG8/ri0SGf1Ekel9uQtk2XeA==", "amigo"=>{"usuarioId"=>"86666", "amigoId"=>"asdf"}, "commit"=>"Create Amigo"}
  [1m[35m (0.1ms)[0m  [1m[36mbegin transaction[0m
  [1m[35mSQL (0.3ms)[0m  [1m[32mINSERT INTO "amigos" ("usuarioId", "amigoId", "created_at", "updated_at") VALUES (?, ?, ?, ?)[0m  [["usuarioId", "86666"], ["amigoId", "asdf"], ["created_at", "2017-09-05 23:41:39.751437"], ["updated_at", "2017-09-05 23:41:39.751437"]]
  [1m[35m (100.7ms)[0m  [1m[36mcommit transaction[0m
Redirected to http://localhost:3000/amigos/1
Completed 302 Found in 105ms (ActiveRecord: 101.1ms)


Started GET "/amigos/1" for 127.0.0.1 at 2017-09-05 20:41:39 -0300
Processing by AmigosController#show as HTML
  Parameters: {"id"=>"1"}
  [1m[36mAmigo Load (0.2ms)[0m  [1m[34mSELECT  "amigos".* FROM "amigos" WHERE "amigos"."id" = ? LIMIT ?[0m  [["id", 1], ["LIMIT", 1]]
  Rendering amigos/show.html.erb within layouts/application
  Rendered amigos/show.html.erb within layouts/application (0.5ms)
Completed 200 OK in 27ms (Views: 10.7ms | ActiveRecord: 0.2ms)


Started GET "/amigos" for 127.0.0.1 at 2017-09-05 20:41:42 -0300
Processing by AmigosController#index as HTML
  Rendering amigos/index.html.erb within layouts/application
  [1m[36mAmigo Load (0.2ms)[0m  [1m[34mSELECT "amigos".* FROM "amigos"[0m
  Rendered amigos/index.html.erb within layouts/application (1.9ms)
Completed 200 OK in 13ms (Views: 11.8ms | ActiveRecord: 0.2ms)


Started DELETE "/amigos/1" for 127.0.0.1 at 2017-09-05 20:41:46 -0300
Processing by AmigosController#destroy as HTML
  Parameters: {"authenticity_token"=>"ZopRoKqanxF5fV9Je/iBJZFmi/HTYtOkL/JLV4oUXdd3R2XzLinW3MI3CIGig57o7FR+wA/ls/AYw0ygbH1DYg==", "id"=>"1"}
  [1m[36mAmigo Load (0.1ms)[0m  [1m[34mSELECT  "amigos".* FROM "amigos" WHERE "amigos"."id" = ? LIMIT ?[0m  [["id", 1], ["LIMIT", 1]]
  [1m[35m (0.1ms)[0m  [1m[36mbegin transaction[0m
  [1m[35mSQL (0.2ms)[0m  [1m[31mDELETE FROM "amigos" WHERE "amigos"."id" = ?[0m  [["id", 1]]
  [1m[35m (63.4ms)[0m  [1m[36mcommit transaction[0m
Redirected to http://localhost:3000/amigos
Completed 302 Found in 67ms (ActiveRecord: 63.7ms)


Started GET "/amigos" for 127.0.0.1 at 2017-09-05 20:41:46 -0300
Processing by AmigosController#index as HTML
  Rendering amigos/index.html.erb within layouts/application
  [1m[36mAmigo Load (0.1ms)[0m  [1m[34mSELECT "amigos".* FROM "amigos"[0m
  Rendered amigos/index.html.erb within layouts/application (0.9ms)
Completed 200 OK in 10ms (Views: 8.8ms | ActiveRecord: 0.1ms)


Started GET "/amigos/new" for 127.0.0.1 at 2017-09-05 20:44:31 -0300
Processing by AmigosController#new as HTML
  Rendering amigos/new.html.erb within layouts/application
  Rendered amigos/_form.html.erb (1.8ms)
  Rendered amigos/new.html.erb within layouts/application (3.0ms)
Completed 200 OK in 17ms (Views: 16.2ms | ActiveRecord: 0.0ms)


Started POST "/amigos" for 127.0.0.1 at 2017-09-05 20:48:06 -0300
Processing by AmigosController#create as HTML
  Parameters: {"utf8"=>"✓", "authenticity_token"=>"QsDe0zk0YishuQ08on0GqonPXEz+USDg//n3XqURVW2Tah+h3pPGKWWDyMua3AWw5j+qROZtSjMghB+M4Ux3ow==", "amigo"=>{"usuarioId"=>"134", "amigoId"=>"431"}, "commit"=>"Create Amigo"}
  [1m[35m (0.1ms)[0m  [1m[36mbegin transaction[0m
  [1m[35mSQL (0.4ms)[0m  [1m[32mINSERT INTO "amigos" ("usuarioId", "amigoId", "created_at", "updated_at") VALUES (?, ?, ?, ?)[0m  [["usuarioId", "134"], ["amigoId", "431"], ["created_at", "2017-09-05 23:48:06.836696"], ["updated_at", "2017-09-05 23:48:06.836696"]]
  [1m[35m (152.4ms)[0m  [1m[36mcommit transaction[0m
Redirected to http://localhost:3000/amigos/2
Completed 302 Found in 155ms (ActiveRecord: 152.9ms)


Started GET "/amigos/2" for 127.0.0.1 at 2017-09-05 20:48:06 -0300
Processing by AmigosController#show as HTML
  Parameters: {"id"=>"2"}
  [1m[36mAmigo Load (0.1ms)[0m  [1m[34mSELECT  "amigos".* FROM "amigos" WHERE "amigos"."id" = ? LIMIT ?[0m  [["id", 2], ["LIMIT", 1]]
  Rendering amigos/show.html.erb within layouts/application
  Rendered amigos/show.html.erb within layouts/application (0.5ms)
Completed 200 OK in 11ms (Views: 9.8ms | ActiveRecord: 0.1ms)


Started GET "/amigos" for 127.0.0.1 at 2017-09-05 20:48:09 -0300
Processing by AmigosController#index as HTML
  Rendering amigos/index.html.erb within layouts/application
  [1m[36mAmigo Load (0.2ms)[0m  [1m[34mSELECT "amigos".* FROM "amigos"[0m
  Rendered amigos/index.html.erb within layouts/application (1.7ms)
Completed 200 OK in 24ms (Views: 23.3ms | ActiveRecord: 0.2ms)


Started GET "/amigos/2" for 127.0.0.1 at 2017-09-05 20:48:11 -0300
Processing by AmigosController#show as HTML
  Parameters: {"id"=>"2"}
  [1m[36mAmigo Load (0.1ms)[0m  [1m[34mSELECT  "amigos".* FROM "amigos" WHERE "amigos"."id" = ? LIMIT ?[0m  [["id", 2], ["LIMIT", 1]]
  Rendering amigos/show.html.erb within layouts/application
  Rendered amigos/show.html.erb within layouts/application (0.9ms)
Completed 200 OK in 17ms (Views: 16.0ms | ActiveRecord: 0.1ms)


Started GET "/amigos" for 127.0.0.1 at 2017-09-05 20:48:12 -0300
Processing by AmigosController#index as HTML
  Rendering amigos/index.html.erb within layouts/application
  [1m[36mAmigo Load (0.2ms)[0m  [1m[34mSELECT "amigos".* FROM "amigos"[0m
  Rendered amigos/index.html.erb within layouts/application (1.8ms)
Completed 200 OK in 15ms (Views: 13.6ms | ActiveRecord: 0.2ms)


Started GET "/amigos/new" for 127.0.0.1 at 2017-09-05 20:48:15 -0300
Processing by AmigosController#new as HTML
  Rendering amigos/new.html.erb within layouts/application
  Rendered amigos/_form.html.erb (1.6ms)
  Rendered amigos/new.html.erb within layouts/application (2.6ms)
Completed 200 OK in 17ms (Views: 16.2ms | ActiveRecord: 0.0ms)


Started GET "/amigos" for 127.0.0.1 at 2017-09-05 20:48:17 -0300
Processing by AmigosController#index as HTML
  Rendering amigos/index.html.erb within layouts/application
  [1m[36mAmigo Load (0.2ms)[0m  [1m[34mSELECT "amigos".* FROM "amigos"[0m
  Rendered amigos/index.html.erb within layouts/application (2.0ms)
Completed 200 OK in 16ms (Views: 14.6ms | ActiveRecord: 0.2ms)


Started GET "/amigos/2/edit" for 127.0.0.1 at 2017-09-05 20:49:35 -0300
Processing by AmigosController#edit as HTML
  Parameters: {"id"=>"2"}
  [1m[36mAmigo Load (0.1ms)[0m  [1m[34mSELECT  "amigos".* FROM "amigos" WHERE "amigos"."id" = ? LIMIT ?[0m  [["id", 2], ["LIMIT", 1]]
  Rendering amigos/edit.html.erb within layouts/application
  Rendered amigos/_form.html.erb (2.5ms)
  Rendered amigos/edit.html.erb within layouts/application (4.0ms)
Completed 200 OK in 17ms (Views: 15.1ms | ActiveRecord: 0.1ms)


Started GET "/amigos" for 127.0.0.1 at 2017-09-05 21:49:37 -0300
  [1m[35m (0.1ms)[0m  [1m[34mSELECT "schema_migrations"."version" FROM "schema_migrations" ORDER BY "schema_migrations"."version" ASC[0m
Processing by AmigosController#index as HTML
  Rendering amigos/index.html.erb within layouts/application
  [1m[36mAmigo Load (0.1ms)[0m  [1m[34mSELECT "amigos".* FROM "amigos"[0m
  Rendered amigos/index.html.erb within layouts/application (5.6ms)
Completed 200 OK in 112ms (Views: 104.3ms | ActiveRecord: 0.5ms)


Started DELETE "/amigos/2" for 127.0.0.1 at 2017-09-05 21:49:41 -0300
Processing by AmigosController#destroy as HTML
  Parameters: {"authenticity_token"=>"6yT8LyYDX9YUuhDBRWnrV5qyyzwTp4sd2lwFMAb6Fvb66ch8orAWG6/wRwmcEvSa54A+Dc8g60ntbQLH4JMIQw==", "id"=>"2"}
  [1m[36mAmigo Load (0.1ms)[0m  [1m[34mSELECT  "amigos".* FROM "amigos" WHERE "amigos"."id" = ? LIMIT ?[0m  [["id", 2], ["LIMIT", 1]]
  [1m[35m (0.0ms)[0m  [1m[36mbegin transaction[0m
  [1m[35mSQL (0.2ms)[0m  [1m[31mDELETE FROM "amigos" WHERE "amigos"."id" = ?[0m  [["id", 2]]
  [1m[35m (79.2ms)[0m  [1m[36mcommit transaction[0m
Redirected to http://localhost:3000/amigos
Completed 302 Found in 85ms (ActiveRecord: 79.8ms)


Started GET "/amigos" for 127.0.0.1 at 2017-09-05 21:49:41 -0300
Processing by AmigosController#index as HTML
  Rendering amigos/index.html.erb within layouts/application
  [1m[36mAmigo Load (0.2ms)[0m  [1m[34mSELECT "amigos".* FROM "amigos"[0m
  Rendered amigos/index.html.erb within layouts/application (2.1ms)
Completed 200 OK in 15ms (Views: 14.0ms | ActiveRecord: 0.2ms)


Started GET "/amigos/new" for 127.0.0.1 at 2017-09-05 21:51:40 -0300
Processing by AmigosController#new as HTML
  Rendering amigos/new.html.erb within layouts/application
  Rendered amigos/_form.html.erb (11.7ms)
  Rendered amigos/new.html.erb within layouts/application (12.9ms)
Completed 200 OK in 25ms (Views: 23.6ms | ActiveRecord: 0.0ms)


Started GET "/amigos" for 127.0.0.1 at 2017-09-05 21:52:04 -0300
Processing by AmigosController#index as HTML
  Rendering amigos/index.html.erb within layouts/application
  [1m[36mAmigo Load (0.2ms)[0m  [1m[34mSELECT "amigos".* FROM "amigos"[0m
  Rendered amigos/index.html.erb within layouts/application (1.5ms)
Completed 200 OK in 18ms (Views: 16.5ms | ActiveRecord: 0.2ms)


Started GET "/amigos/new" for 127.0.0.1 at 2017-09-05 21:52:22 -0300
Processing by AmigosController#new as HTML
  Rendering amigos/new.html.erb within layouts/application
  Rendered amigos/_form.html.erb (1.9ms)
  Rendered amigos/new.html.erb within layouts/application (2.9ms)
Completed 200 OK in 36ms (Views: 34.9ms | ActiveRecord: 0.0ms)


Started POST "/amigos" for 127.0.0.1 at 2017-09-05 21:52:27 -0300
Processing by AmigosController#create as HTML
  Parameters: {"utf8"=>"✓", "authenticity_token"=>"yRkS/KGlEjK5khTisKKPf2YZKF9+moAym7s97EWDyV8Ys9OORgK2MP2o0RWIA4xlCeneV2am6uFExtU+Ad7rkQ==", "amigo"=>{"usuarioId"=>"321", "amigoId"=>"4654"}, "commit"=>"Create Amigo"}
  [1m[35m (0.1ms)[0m  [1m[36mbegin transaction[0m
  [1m[35mSQL (0.6ms)[0m  [1m[32mINSERT INTO "amigos" ("usuarioId", "amigoId", "created_at", "updated_at") VALUES (?, ?, ?, ?)[0m  [["usuarioId", "321"], ["amigoId", "4654"], ["created_at", "2017-09-06 00:52:27.205094"], ["updated_at", "2017-09-06 00:52:27.205094"]]
  [1m[35m (141.8ms)[0m  [1m[36mcommit transaction[0m
Redirected to http://localhost:3000/amigos/3
Completed 302 Found in 147ms (ActiveRecord: 142.4ms)


Started GET "/amigos/3" for 127.0.0.1 at 2017-09-05 21:52:27 -0300
Processing by AmigosController#show as HTML
  Parameters: {"id"=>"3"}
  [1m[36mAmigo Load (0.1ms)[0m  [1m[34mSELECT  "amigos".* FROM "amigos" WHERE "amigos"."id" = ? LIMIT ?[0m  [["id", 3], ["LIMIT", 1]]
  Rendering amigos/show.html.erb within layouts/application
  Rendered amigos/show.html.erb within layouts/application (0.7ms)
Completed 200 OK in 17ms (Views: 15.5ms | ActiveRecord: 0.1ms)


Started GET "/amigos" for 127.0.0.1 at 2017-09-05 21:52:30 -0300
Processing by AmigosController#index as HTML
  Rendering amigos/index.html.erb within layouts/application
  [1m[36mAmigo Load (0.2ms)[0m  [1m[34mSELECT "amigos".* FROM "amigos"[0m
  Rendered amigos/index.html.erb within layouts/application (1.8ms)
Completed 200 OK in 19ms (Views: 17.8ms | ActiveRecord: 0.2ms)


Started GET "/amigos/new" for 127.0.0.1 at 2017-09-05 21:52:31 -0300
Processing by AmigosController#new as HTML
  Rendering amigos/new.html.erb within layouts/application
  Rendered amigos/_form.html.erb (2.2ms)
  Rendered amigos/new.html.erb within layouts/application (3.7ms)
Completed 200 OK in 29ms (Views: 28.1ms | ActiveRecord: 0.0ms)


Started POST "/amigos" for 127.0.0.1 at 2017-09-05 21:52:39 -0300
Processing by AmigosController#create as HTML
  Parameters: {"utf8"=>"✓", "authenticity_token"=>"t5SxK/23ZvUK9sUb/4n6syJUJM0pd/M4fIpcGTJt75pmPnBZGhDC907MAOzHKPmpTaTSxTFLmeuj97TLdjDNVA==", "amigo"=>{"usuarioId"=>"hgtdd", "amigoId"=>"uyt489"}, "commit"=>"Create Amigo"}
  [1m[35m (0.1ms)[0m  [1m[36mbegin transaction[0m
  [1m[35mSQL (1.4ms)[0m  [1m[32mINSERT INTO "amigos" ("usuarioId", "amigoId", "created_at", "updated_at") VALUES (?, ?, ?, ?)[0m  [["usuarioId", "hgtdd"], ["amigoId", "uyt489"], ["created_at", "2017-09-06 00:52:39.946748"], ["updated_at", "2017-09-06 00:52:39.946748"]]
  [1m[35m (126.7ms)[0m  [1m[36mcommit transaction[0m
Redirected to http://localhost:3000/amigos/4
Completed 302 Found in 133ms (ActiveRecord: 128.3ms)


Started GET "/amigos/4" for 127.0.0.1 at 2017-09-05 21:52:40 -0300
Processing by AmigosController#show as HTML
  Parameters: {"id"=>"4"}
  [1m[36mAmigo Load (0.2ms)[0m  [1m[34mSELECT  "amigos".* FROM "amigos" WHERE "amigos"."id" = ? LIMIT ?[0m  [["id", 4], ["LIMIT", 1]]
  Rendering amigos/show.html.erb within layouts/application
  Rendered amigos/show.html.erb within layouts/application (1.6ms)
Completed 200 OK in 26ms (Views: 23.4ms | ActiveRecord: 0.2ms)


Started GET "/amigos" for 127.0.0.1 at 2017-09-05 21:52:41 -0300
Processing by AmigosController#index as HTML
  Rendering amigos/index.html.erb within layouts/application
  [1m[36mAmigo Load (0.2ms)[0m  [1m[34mSELECT "amigos".* FROM "amigos"[0m
  Rendered amigos/index.html.erb within layouts/application (3.5ms)
Completed 200 OK in 24ms (Views: 22.4ms | ActiveRecord: 0.2ms)


Started GET "/jogadas" for 127.0.0.1 at 2017-09-05 22:33:06 -0300
  [1m[35m (0.1ms)[0m  [1m[34mSELECT "schema_migrations"."version" FROM "schema_migrations" ORDER BY "schema_migrations"."version" ASC[0m
  
ActionController::RoutingError (No route matches [GET] "/jogadas"):
  
actionpack (5.1.3) lib/action_dispatch/middleware/debug_exceptions.rb:63:in `call'
web-console (3.5.1) lib/web_console/middleware.rb:135:in `call_app'
web-console (3.5.1) lib/web_console/middleware.rb:28:in `block in call'
web-console (3.5.1) lib/web_console/middleware.rb:18:in `catch'
web-console (3.5.1) lib/web_console/middleware.rb:18:in `call'
actionpack (5.1.3) lib/action_dispatch/middleware/show_exceptions.rb:31:in `call'
railties (5.1.3) lib/rails/rack/logger.rb:36:in `call_app'
railties (5.1.3) lib/rails/rack/logger.rb:24:in `block in call'
activesupport (5.1.3) lib/active_support/tagged_logging.rb:69:in `block in tagged'
activesupport (5.1.3) lib/active_support/tagged_logging.rb:26:in `tagged'
activesupport (5.1.3) lib/active_support/tagged_logging.rb:69:in `tagged'
railties (5.1.3) lib/rails/rack/logger.rb:24:in `call'
sprockets-rails (3.2.1) lib/sprockets/rails/quiet_assets.rb:13:in `call'
actionpack (5.1.3) lib/action_dispatch/middleware/remote_ip.rb:79:in `call'
actionpack (5.1.3) lib/action_dispatch/middleware/request_id.rb:25:in `call'
rack (2.0.3) lib/rack/method_override.rb:22:in `call'
rack (2.0.3) lib/rack/runtime.rb:22:in `call'
activesupport (5.1.3) lib/active_support/cache/strategy/local_cache_middleware.rb:27:in `call'
actionpack (5.1.3) lib/action_dispatch/middleware/executor.rb:12:in `call'
actionpack (5.1.3) lib/action_dispatch/middleware/static.rb:125:in `call'
rack (2.0.3) lib/rack/sendfile.rb:111:in `call'
railties (5.1.3) lib/rails/engine.rb:522:in `call'
puma (3.10.0) lib/puma/configuration.rb:225:in `call'
puma (3.10.0) lib/puma/server.rb:605:in `handle_request'
puma (3.10.0) lib/puma/server.rb:437:in `process_client'
puma (3.10.0) lib/puma/server.rb:301:in `block in run'
puma (3.10.0) lib/puma/thread_pool.rb:120:in `block in spawn_thread'
Started GET "/jogada" for 127.0.0.1 at 2017-09-05 22:33:11 -0300
  
ActionController::RoutingError (No route matches [GET] "/jogada"):
  
actionpack (5.1.3) lib/action_dispatch/middleware/debug_exceptions.rb:63:in `call'
web-console (3.5.1) lib/web_console/middleware.rb:135:in `call_app'
web-console (3.5.1) lib/web_console/middleware.rb:28:in `block in call'
web-console (3.5.1) lib/web_console/middleware.rb:18:in `catch'
web-console (3.5.1) lib/web_console/middleware.rb:18:in `call'
actionpack (5.1.3) lib/action_dispatch/middleware/show_exceptions.rb:31:in `call'
railties (5.1.3) lib/rails/rack/logger.rb:36:in `call_app'
railties (5.1.3) lib/rails/rack/logger.rb:24:in `block in call'
activesupport (5.1.3) lib/active_support/tagged_logging.rb:69:in `block in tagged'
activesupport (5.1.3) lib/active_support/tagged_logging.rb:26:in `tagged'
activesupport (5.1.3) lib/active_support/tagged_logging.rb:69:in `tagged'
railties (5.1.3) lib/rails/rack/logger.rb:24:in `call'
sprockets-rails (3.2.1) lib/sprockets/rails/quiet_assets.rb:13:in `call'
actionpack (5.1.3) lib/action_dispatch/middleware/remote_ip.rb:79:in `call'
actionpack (5.1.3) lib/action_dispatch/middleware/request_id.rb:25:in `call'
rack (2.0.3) lib/rack/method_override.rb:22:in `call'
rack (2.0.3) lib/rack/runtime.rb:22:in `call'
activesupport (5.1.3) lib/active_support/cache/strategy/local_cache_middleware.rb:27:in `call'
actionpack (5.1.3) lib/action_dispatch/middleware/executor.rb:12:in `call'
actionpack (5.1.3) lib/action_dispatch/middleware/static.rb:125:in `call'
rack (2.0.3) lib/rack/sendfile.rb:111:in `call'
railties (5.1.3) lib/rails/engine.rb:522:in `call'
puma (3.10.0) lib/puma/configuration.rb:225:in `call'
puma (3.10.0) lib/puma/server.rb:605:in `handle_request'
puma (3.10.0) lib/puma/server.rb:437:in `process_client'
puma (3.10.0) lib/puma/server.rb:301:in `block in run'
puma (3.10.0) lib/puma/thread_pool.rb:120:in `block in spawn_thread'
Started GET "/" for 127.0.0.1 at 2017-09-07 21:49:44 -0300
  [1m[35m (0.1ms)[0m  [1m[34mSELECT "schema_migrations"."version" FROM "schema_migrations" ORDER BY "schema_migrations"."version" ASC[0m
  
ActiveRecord::PendingMigrationError (

Migrations are pending. To resolve this issue, run:

        bin/rails db:migrate RAILS_ENV=development

):
  
activerecord (5.1.3) lib/active_record/migration.rb:576:in `check_pending!'
activerecord (5.1.3) lib/active_record/migration.rb:553:in `call'
actionpack (5.1.3) lib/action_dispatch/middleware/callbacks.rb:26:in `block in call'
activesupport (5.1.3) lib/active_support/callbacks.rb:97:in `run_callbacks'
actionpack (5.1.3) lib/action_dispatch/middleware/callbacks.rb:24:in `call'
actionpack (5.1.3) lib/action_dispatch/middleware/executor.rb:12:in `call'
actionpack (5.1.3) lib/action_dispatch/middleware/debug_exceptions.rb:59:in `call'
web-console (3.5.1) lib/web_console/middleware.rb:135:in `call_app'
web-console (3.5.1) lib/web_console/middleware.rb:28:in `block in call'
web-console (3.5.1) lib/web_console/middleware.rb:18:in `catch'
web-console (3.5.1) lib/web_console/middleware.rb:18:in `call'
actionpack (5.1.3) lib/action_dispatch/middleware/show_exceptions.rb:31:in `call'
railties (5.1.3) lib/rails/rack/logger.rb:36:in `call_app'
railties (5.1.3) lib/rails/rack/logger.rb:24:in `block in call'
activesupport (5.1.3) lib/active_support/tagged_logging.rb:69:in `block in tagged'
activesupport (5.1.3) lib/active_support/tagged_logging.rb:26:in `tagged'
activesupport (5.1.3) lib/active_support/tagged_logging.rb:69:in `tagged'
railties (5.1.3) lib/rails/rack/logger.rb:24:in `call'
sprockets-rails (3.2.1) lib/sprockets/rails/quiet_assets.rb:13:in `call'
actionpack (5.1.3) lib/action_dispatch/middleware/remote_ip.rb:79:in `call'
actionpack (5.1.3) lib/action_dispatch/middleware/request_id.rb:25:in `call'
rack (2.0.3) lib/rack/method_override.rb:22:in `call'
rack (2.0.3) lib/rack/runtime.rb:22:in `call'
activesupport (5.1.3) lib/active_support/cache/strategy/local_cache_middleware.rb:27:in `call'
actionpack (5.1.3) lib/action_dispatch/middleware/executor.rb:12:in `call'
actionpack (5.1.3) lib/action_dispatch/middleware/static.rb:125:in `call'
rack (2.0.3) lib/rack/sendfile.rb:111:in `call'
railties (5.1.3) lib/rails/engine.rb:522:in `call'
puma (3.10.0) lib/puma/configuration.rb:225:in `call'
puma (3.10.0) lib/puma/server.rb:605:in `handle_request'
puma (3.10.0) lib/puma/server.rb:437:in `process_client'
puma (3.10.0) lib/puma/server.rb:301:in `block in run'
puma (3.10.0) lib/puma/thread_pool.rb:120:in `block in spawn_thread'
  [1m[35m (0.1ms)[0m  [1m[34mSELECT "schema_migrations"."version" FROM "schema_migrations" ORDER BY "schema_migrations"."version" ASC[0m
Migrating to CreateJogos (20170906042238)
  [1m[35m (0.0ms)[0m  [1m[36mbegin transaction[0m
  [1m[35m (0.1ms)[0m  [1m[34mSELECT sqlite_version(*)[0m
  [1m[35m (0.6ms)[0m  [1m[35mCREATE TABLE "jogos" ("id" INTEGER PRIMARY KEY AUTOINCREMENT NOT NULL, "titulo" varchar, "genero" varchar, "imagem" varchar, "created_at" datetime NOT NULL, "updated_at" datetime NOT NULL)[0m
  [1m[35mSQL (0.1ms)[0m  [1m[32mINSERT INTO "schema_migrations" ("version") VALUES (?)[0m  [["version", "20170906042238"]]
  [1m[35m (92.0ms)[0m  [1m[36mcommit transaction[0m
Migrating to CreateUsuarios (20170906220140)
  [1m[35m (0.1ms)[0m  [1m[36mbegin transaction[0m
  [1m[35m (0.2ms)[0m  [1m[35mCREATE TABLE "usuarios" ("id" INTEGER PRIMARY KEY AUTOINCREMENT NOT NULL, "nome" varchar, "email" varchar, "username" varchar, "senha" varchar, "created_at" datetime NOT NULL, "updated_at" datetime NOT NULL)[0m
  [1m[35mSQL (0.1ms)[0m  [1m[32mINSERT INTO "schema_migrations" ("version") VALUES (?)[0m  [["version", "20170906220140"]]
  [1m[35m (73.6ms)[0m  [1m[36mcommit transaction[0m
Migrating to CreateJogadas (20170907194623)
  [1m[35m (0.0ms)[0m  [1m[36mbegin transaction[0m
  [1m[35m (0.2ms)[0m  [1m[35mCREATE TABLE "jogadas" ("id" INTEGER PRIMARY KEY AUTOINCREMENT NOT NULL, "plataforma" varchar, "data" date, "link" varchar, "jogador" varchar, "jogo" varchar, "created_at" datetime NOT NULL, "updated_at" datetime NOT NULL)[0m
  [1m[35mSQL (0.1ms)[0m  [1m[32mINSERT INTO "schema_migrations" ("version") VALUES (?)[0m  [["version", "20170907194623"]]
  [1m[35m (82.2ms)[0m  [1m[36mcommit transaction[0m
  [1m[36mActiveRecord::InternalMetadata Load (0.1ms)[0m  [1m[34mSELECT  "ar_internal_metadata".* FROM "ar_internal_metadata" WHERE "ar_internal_metadata"."key" = ? LIMIT ?[0m  [["key", "environment"], ["LIMIT", 1]]
  [1m[35m (0.0ms)[0m  [1m[36mbegin transaction[0m
  [1m[35m (0.0ms)[0m  [1m[36mcommit transaction[0m
  [1m[35m (0.1ms)[0m  [1m[34mSELECT "schema_migrations"."version" FROM "schema_migrations" ORDER BY "schema_migrations"."version" ASC[0m
Started GET "/" for 127.0.0.1 at 2017-09-07 21:50:32 -0300
  [1m[35m (0.1ms)[0m  [1m[34mSELECT "schema_migrations"."version" FROM "schema_migrations" ORDER BY "schema_migrations"."version" ASC[0m
Processing by ApplicationController#hello as HTML
  Rendering html template
  Rendered html template (0.0ms)
Completed 200 OK in 19ms (Views: 14.2ms | ActiveRecord: 0.0ms)


Started GET "/amigos" for 127.0.0.1 at 2017-09-07 21:50:39 -0300
Processing by AmigosController#index as HTML
  Rendering amigos/index.html.erb within layouts/application
  [1m[36mAmigo Load (0.1ms)[0m  [1m[34mSELECT "amigos".* FROM "amigos"[0m
  Rendered amigos/index.html.erb within layouts/application (6.4ms)
Completed 200 OK in 458ms (Views: 417.1ms | ActiveRecord: 0.7ms)


Started GET "/jogadas" for 127.0.0.1 at 2017-09-07 21:50:46 -0300
Processing by JogadasController#index as HTML
  Rendering jogadas/index.html.erb within layouts/application
  [1m[36mJogada Load (0.1ms)[0m  [1m[34mSELECT "jogadas".* FROM "jogadas"[0m
  Rendered jogadas/index.html.erb within layouts/application (1.7ms)
Completed 200 OK in 16ms (Views: 14.1ms | ActiveRecord: 0.3ms)


Started GET "/jogos" for 127.0.0.1 at 2017-09-07 21:50:50 -0300
Processing by JogosController#index as HTML
  Rendering jogos/index.html.erb within layouts/application
  [1m[36mJogo Load (0.1ms)[0m  [1m[34mSELECT "jogos".* FROM "jogos"[0m
  Rendered jogos/index.html.erb within layouts/application (1.5ms)
Completed 200 OK in 21ms (Views: 19.1ms | ActiveRecord: 0.3ms)


Started GET "/jogos/new" for 127.0.0.1 at 2017-09-07 21:50:54 -0300
Processing by JogosController#new as HTML
  Rendering jogos/new.html.erb within layouts/application
  Rendered jogos/_form.html.erb (122.5ms)
  Rendered jogos/new.html.erb within layouts/application (123.3ms)
Completed 200 OK in 157ms (Views: 146.2ms | ActiveRecord: 0.5ms)


Started GET "/jogos" for 127.0.0.1 at 2017-09-07 21:50:56 -0300
Processing by JogosController#index as HTML
  Rendering jogos/index.html.erb within layouts/application
  [1m[36mJogo Load (0.2ms)[0m  [1m[34mSELECT "jogos".* FROM "jogos"[0m
  Rendered jogos/index.html.erb within layouts/application (1.4ms)
Completed 200 OK in 25ms (Views: 23.6ms | ActiveRecord: 0.2ms)


